[debug] [2024-09-25T18:03:15.132Z] ----------------------------------------------------------------------
[debug] [2024-09-25T18:03:15.134Z] Command:       C:\Program Files\nodejs\node.exe C:\Users\sidma\AppData\Roaming\npm\node_modules\firebase-tools\lib\bin\firebase.js init
[debug] [2024-09-25T18:03:15.134Z] CLI Version:   13.19.0
[debug] [2024-09-25T18:03:15.134Z] Platform:      win32
[debug] [2024-09-25T18:03:15.134Z] Node Version:  v20.16.0
[debug] [2024-09-25T18:03:15.134Z] Time:          Wed Sep 25 2024 23:33:15 GMT+0530 (India Standard Time)
[debug] [2024-09-25T18:03:15.134Z] ----------------------------------------------------------------------
[debug] 
[debug] [2024-09-25T18:03:15.176Z] > command requires scopes: ["email","openid","https://www.googleapis.com/auth/cloudplatformprojects.readonly","https://www.googleapis.com/auth/firebase","https://www.googleapis.com/auth/cloud-platform"]
[debug] [2024-09-25T18:03:15.176Z] > authorizing via signed-in user (sidmax81@gmail.com)
[info] 
     ######## #### ########  ######## ########     ###     ######  ########
     ##        ##  ##     ## ##       ##     ##  ##   ##  ##       ##
     ######    ##  ########  ######   ########  #########  ######  ######
     ##        ##  ##    ##  ##       ##     ## ##     ##       ## ##
     ##       #### ##     ## ######## ########  ##     ##  ######  ########

You're about to initialize a Firebase project in this directory:

  G:\leaderboard

Before we get started, keep in mind:

  * You are initializing within an existing Firebase project directory

